= 2023-12-04 11:37:30 - HikariPool-1 - Thread starvation or clock leap detected (housekeeper delta=16h5m1s99ms853µs100ns).
= 2023-12-04 11:39:41 - HikariPool-1 - Thread starvation or clock leap detected (housekeeper delta=1m10s62ms900µs400ns).
= 2023-12-04 12:01:52 - Starting FmsSpringBootBackendApplication on LIN-PF1TKLM7 with PID 18996 (C:\Users\NLAXMIKA\Downloads\Flight-Management-System-master 1\Flight-Management-System-master\Flight-Management-System-master\FMS-SpringBoot-Backend\target\classes started by nlaxmika in C:\Users\NLAXMIKA\Downloads\Flight-Management-System-master 1\Flight-Management-System-master\Flight-Management-System-master\FMS-SpringBoot-Backend)
= 2023-12-04 12:01:52 - No active profile set, falling back to default profiles: default
= 2023-12-04 12:01:52 - The Class-Path manifest attribute in C:\Users\NLAXMIKA\.m2\repository\org\glassfish\jaxb\jaxb-runtime\2.3.2\jaxb-runtime-2.3.2.jar referenced one or more files that do not exist: file:/C:/Users/NLAXMIKA/.m2/repository/org/glassfish/jaxb/jaxb-runtime/2.3.2/jakarta.xml.bind-api-2.3.2.jar,file:/C:/Users/NLAXMIKA/.m2/repository/org/glassfish/jaxb/jaxb-runtime/2.3.2/txw2-2.3.2.jar,file:/C:/Users/NLAXMIKA/.m2/repository/org/glassfish/jaxb/jaxb-runtime/2.3.2/istack-commons-runtime-3.0.8.jar,file:/C:/Users/NLAXMIKA/.m2/repository/org/glassfish/jaxb/jaxb-runtime/2.3.2/stax-ex-1.8.1.jar,file:/C:/Users/NLAXMIKA/.m2/repository/org/glassfish/jaxb/jaxb-runtime/2.3.2/FastInfoset-1.2.16.jar,file:/C:/Users/NLAXMIKA/.m2/repository/org/glassfish/jaxb/jaxb-runtime/2.3.2/jakarta.activation-api-1.2.1.jar
= 2023-12-04 12:01:52 - Devtools property defaults active! Set 'spring.devtools.add-properties' to 'false' to disable
= 2023-12-04 12:01:52 - For additional web related logging consider setting the 'logging.level.web' property to 'DEBUG'
= 2023-12-04 12:02:02 - Bootstrapping Spring Data JPA repositories in DEFAULT mode.
= 2023-12-04 12:02:03 - Finished Spring Data repository scanning in 229ms. Found 6 JPA repository interfaces.
= 2023-12-04 12:02:05 - Tomcat initialized with port(s): 5522 (http)
= 2023-12-04 12:02:05 - Starting service [Tomcat]
= 2023-12-04 12:02:05 - Starting Servlet engine: [Apache Tomcat/9.0.33]
= 2023-12-04 12:02:05 - Initializing Spring embedded WebApplicationContext
= 2023-12-04 12:02:05 - Root WebApplicationContext: initialization completed in 12785 ms
= 2023-12-04 12:02:06 - HHH000204: Processing PersistenceUnitInfo [name: default]
= 2023-12-04 12:02:06 - HHH000412: Hibernate ORM core version 5.4.12.Final
= 2023-12-04 12:02:07 - HCANN000001: Hibernate Commons Annotations {5.1.0.Final}
= 2023-12-04 12:02:07 - HikariPool-1 - Starting...
= 2023-12-04 12:02:08 - HikariPool-1 - Start completed.
= 2023-12-04 12:02:08 - HHH000400: Using dialect: org.hibernate.dialect.PostgreSQLDialect
= 2023-12-04 12:02:10 - HHH000490: Using JtaPlatform implementation: [org.hibernate.engine.transaction.jta.platform.internal.NoJtaPlatform]
= 2023-12-04 12:02:10 - Initialized JPA EntityManagerFactory for persistence unit 'default'
= 2023-12-04 12:02:10 - LiveReload server is running on port 35729
= 2023-12-04 12:02:12 - spring.jpa.open-in-view is enabled by default. Therefore, database queries may be performed during view rendering. Explicitly configure spring.jpa.open-in-view to disable this warning
= 2023-12-04 12:02:12 - Initializing ExecutorService 'applicationTaskExecutor'
= 2023-12-04 12:02:14 - Tomcat started on port(s): 5522 (http) with context path ''
= 2023-12-04 12:02:14 - Started FmsSpringBootBackendApplication in 23.782 seconds (JVM running for 25.802)
= 2023-12-04 12:26:15 - Shutting down ExecutorService 'applicationTaskExecutor'
= 2023-12-04 12:26:15 - Closing JPA EntityManagerFactory for persistence unit 'default'
= 2023-12-04 12:26:15 - HikariPool-1 - Shutdown initiated...
= 2023-12-04 12:26:15 - HikariPool-1 - Shutdown completed.
= 2023-12-04 12:26:21 - Starting FmsSpringBootBackendApplication on LIN-PF1TKLM7 with PID 20752 (C:\Users\NLAXMIKA\Downloads\Flight-Management-System-master 1\Flight-Management-System-master\Flight-Management-System-master\FMS-SpringBoot-Backend\target\classes started by nlaxmika in C:\Users\NLAXMIKA\Downloads\Flight-Management-System-master 1\Flight-Management-System-master\Flight-Management-System-master\FMS-SpringBoot-Backend)
= 2023-12-04 12:26:21 - No active profile set, falling back to default profiles: default
= 2023-12-04 12:26:21 - The Class-Path manifest attribute in C:\Users\NLAXMIKA\.m2\repository\org\glassfish\jaxb\jaxb-runtime\2.3.2\jaxb-runtime-2.3.2.jar referenced one or more files that do not exist: file:/C:/Users/NLAXMIKA/.m2/repository/org/glassfish/jaxb/jaxb-runtime/2.3.2/jakarta.xml.bind-api-2.3.2.jar,file:/C:/Users/NLAXMIKA/.m2/repository/org/glassfish/jaxb/jaxb-runtime/2.3.2/txw2-2.3.2.jar,file:/C:/Users/NLAXMIKA/.m2/repository/org/glassfish/jaxb/jaxb-runtime/2.3.2/istack-commons-runtime-3.0.8.jar,file:/C:/Users/NLAXMIKA/.m2/repository/org/glassfish/jaxb/jaxb-runtime/2.3.2/stax-ex-1.8.1.jar,file:/C:/Users/NLAXMIKA/.m2/repository/org/glassfish/jaxb/jaxb-runtime/2.3.2/FastInfoset-1.2.16.jar,file:/C:/Users/NLAXMIKA/.m2/repository/org/glassfish/jaxb/jaxb-runtime/2.3.2/jakarta.activation-api-1.2.1.jar
= 2023-12-04 12:26:21 - Devtools property defaults active! Set 'spring.devtools.add-properties' to 'false' to disable
= 2023-12-04 12:26:21 - For additional web related logging consider setting the 'logging.level.web' property to 'DEBUG'
= 2023-12-04 12:26:27 - Bootstrapping Spring Data JPA repositories in DEFAULT mode.
= 2023-12-04 12:26:27 - Finished Spring Data repository scanning in 137ms. Found 6 JPA repository interfaces.
= 2023-12-04 12:26:28 - Tomcat initialized with port(s): 5522 (http)
= 2023-12-04 12:26:28 - Starting service [Tomcat]
= 2023-12-04 12:26:28 - Starting Servlet engine: [Apache Tomcat/9.0.33]
= 2023-12-04 12:26:29 - Initializing Spring embedded WebApplicationContext
= 2023-12-04 12:26:29 - Root WebApplicationContext: initialization completed in 7209 ms
= 2023-12-04 12:26:29 - HHH000204: Processing PersistenceUnitInfo [name: default]
= 2023-12-04 12:26:29 - HHH000412: Hibernate ORM core version 5.4.12.Final
= 2023-12-04 12:26:30 - HCANN000001: Hibernate Commons Annotations {5.1.0.Final}
= 2023-12-04 12:26:30 - HikariPool-1 - Starting...
= 2023-12-04 12:26:30 - HikariPool-1 - Start completed.
= 2023-12-04 12:26:30 - HHH000400: Using dialect: org.hibernate.dialect.PostgreSQLDialect
= 2023-12-04 12:26:33 - HHH000490: Using JtaPlatform implementation: [org.hibernate.engine.transaction.jta.platform.internal.NoJtaPlatform]
= 2023-12-04 12:26:33 - Initialized JPA EntityManagerFactory for persistence unit 'default'
= 2023-12-04 12:26:33 - LiveReload server is running on port 35729
= 2023-12-04 12:26:33 - spring.jpa.open-in-view is enabled by default. Therefore, database queries may be performed during view rendering. Explicitly configure spring.jpa.open-in-view to disable this warning
= 2023-12-04 12:26:34 - Initializing ExecutorService 'applicationTaskExecutor'
= 2023-12-04 12:26:36 - Tomcat started on port(s): 5522 (http) with context path ''
= 2023-12-04 12:26:36 - Started FmsSpringBootBackendApplication in 15.342 seconds (JVM running for 16.89)
= 2023-12-04 12:45:15 - Shutting down ExecutorService 'applicationTaskExecutor'
= 2023-12-04 12:45:15 - Closing JPA EntityManagerFactory for persistence unit 'default'
= 2023-12-04 12:45:15 - HikariPool-1 - Shutdown initiated...
= 2023-12-04 12:45:15 - HikariPool-1 - Shutdown completed.
= 2023-12-04 12:45:22 - Starting FmsSpringBootBackendApplication on LIN-PF1TKLM7 with PID 21172 (C:\Users\NLAXMIKA\Downloads\Flight-Management-System-master 1\Flight-Management-System-master\Flight-Management-System-master\FMS-SpringBoot-Backend\target\classes started by nlaxmika in C:\Users\NLAXMIKA\Downloads\Flight-Management-System-master 1\Flight-Management-System-master\Flight-Management-System-master\FMS-SpringBoot-Backend)
= 2023-12-04 12:45:22 - No active profile set, falling back to default profiles: default
= 2023-12-04 12:45:22 - The Class-Path manifest attribute in C:\Users\NLAXMIKA\.m2\repository\org\glassfish\jaxb\jaxb-runtime\2.3.2\jaxb-runtime-2.3.2.jar referenced one or more files that do not exist: file:/C:/Users/NLAXMIKA/.m2/repository/org/glassfish/jaxb/jaxb-runtime/2.3.2/jakarta.xml.bind-api-2.3.2.jar,file:/C:/Users/NLAXMIKA/.m2/repository/org/glassfish/jaxb/jaxb-runtime/2.3.2/txw2-2.3.2.jar,file:/C:/Users/NLAXMIKA/.m2/repository/org/glassfish/jaxb/jaxb-runtime/2.3.2/istack-commons-runtime-3.0.8.jar,file:/C:/Users/NLAXMIKA/.m2/repository/org/glassfish/jaxb/jaxb-runtime/2.3.2/stax-ex-1.8.1.jar,file:/C:/Users/NLAXMIKA/.m2/repository/org/glassfish/jaxb/jaxb-runtime/2.3.2/FastInfoset-1.2.16.jar,file:/C:/Users/NLAXMIKA/.m2/repository/org/glassfish/jaxb/jaxb-runtime/2.3.2/jakarta.activation-api-1.2.1.jar
= 2023-12-04 12:45:22 - Devtools property defaults active! Set 'spring.devtools.add-properties' to 'false' to disable
= 2023-12-04 12:45:22 - For additional web related logging consider setting the 'logging.level.web' property to 'DEBUG'
= 2023-12-04 12:45:28 - Bootstrapping Spring Data JPA repositories in DEFAULT mode.
= 2023-12-04 12:45:29 - Finished Spring Data repository scanning in 203ms. Found 6 JPA repository interfaces.
= 2023-12-04 12:45:30 - Tomcat initialized with port(s): 5522 (http)
= 2023-12-04 12:45:30 - Starting service [Tomcat]
= 2023-12-04 12:45:30 - Starting Servlet engine: [Apache Tomcat/9.0.33]
= 2023-12-04 12:45:30 - Initializing Spring embedded WebApplicationContext
= 2023-12-04 12:45:30 - Root WebApplicationContext: initialization completed in 8248 ms
= 2023-12-04 12:45:31 - HHH000204: Processing PersistenceUnitInfo [name: default]
= 2023-12-04 12:45:31 - HHH000412: Hibernate ORM core version 5.4.12.Final
= 2023-12-04 12:45:31 - HCANN000001: Hibernate Commons Annotations {5.1.0.Final}
= 2023-12-04 12:45:32 - HikariPool-1 - Starting...
= 2023-12-04 12:45:32 - HikariPool-1 - Start completed.
= 2023-12-04 12:45:32 - HHH000400: Using dialect: org.hibernate.dialect.PostgreSQLDialect
= 2023-12-04 12:45:34 - HHH000490: Using JtaPlatform implementation: [org.hibernate.engine.transaction.jta.platform.internal.NoJtaPlatform]
= 2023-12-04 12:45:34 - Initialized JPA EntityManagerFactory for persistence unit 'default'
= 2023-12-04 12:45:34 - LiveReload server is running on port 35729
= 2023-12-04 12:45:35 - spring.jpa.open-in-view is enabled by default. Therefore, database queries may be performed during view rendering. Explicitly configure spring.jpa.open-in-view to disable this warning
= 2023-12-04 12:45:35 - Initializing ExecutorService 'applicationTaskExecutor'
= 2023-12-04 12:45:37 - Tomcat started on port(s): 5522 (http) with context path ''
= 2023-12-04 12:45:37 - Started FmsSpringBootBackendApplication in 15.836 seconds (JVM running for 17.512)
= 2023-12-04 12:51:43 - Shutting down ExecutorService 'applicationTaskExecutor'
= 2023-12-04 12:51:43 - Closing JPA EntityManagerFactory for persistence unit 'default'
= 2023-12-04 12:51:43 - HikariPool-1 - Shutdown initiated...
= 2023-12-04 12:51:43 - HikariPool-1 - Shutdown completed.
= 2023-12-04 12:51:50 - Starting FmsSpringBootBackendApplication on LIN-PF1TKLM7 with PID 21152 (C:\Users\NLAXMIKA\Downloads\Flight-Management-System-master 1\Flight-Management-System-master\Flight-Management-System-master\FMS-SpringBoot-Backend\target\classes started by nlaxmika in C:\Users\NLAXMIKA\Downloads\Flight-Management-System-master 1\Flight-Management-System-master\Flight-Management-System-master\FMS-SpringBoot-Backend)
= 2023-12-04 12:51:50 - No active profile set, falling back to default profiles: default
= 2023-12-04 12:51:50 - The Class-Path manifest attribute in C:\Users\NLAXMIKA\.m2\repository\org\glassfish\jaxb\jaxb-runtime\2.3.2\jaxb-runtime-2.3.2.jar referenced one or more files that do not exist: file:/C:/Users/NLAXMIKA/.m2/repository/org/glassfish/jaxb/jaxb-runtime/2.3.2/jakarta.xml.bind-api-2.3.2.jar,file:/C:/Users/NLAXMIKA/.m2/repository/org/glassfish/jaxb/jaxb-runtime/2.3.2/txw2-2.3.2.jar,file:/C:/Users/NLAXMIKA/.m2/repository/org/glassfish/jaxb/jaxb-runtime/2.3.2/istack-commons-runtime-3.0.8.jar,file:/C:/Users/NLAXMIKA/.m2/repository/org/glassfish/jaxb/jaxb-runtime/2.3.2/stax-ex-1.8.1.jar,file:/C:/Users/NLAXMIKA/.m2/repository/org/glassfish/jaxb/jaxb-runtime/2.3.2/FastInfoset-1.2.16.jar,file:/C:/Users/NLAXMIKA/.m2/repository/org/glassfish/jaxb/jaxb-runtime/2.3.2/jakarta.activation-api-1.2.1.jar
= 2023-12-04 12:51:50 - Devtools property defaults active! Set 'spring.devtools.add-properties' to 'false' to disable
= 2023-12-04 12:51:50 - For additional web related logging consider setting the 'logging.level.web' property to 'DEBUG'
= 2023-12-04 12:51:56 - Bootstrapping Spring Data JPA repositories in DEFAULT mode.
= 2023-12-04 12:51:56 - Finished Spring Data repository scanning in 155ms. Found 6 JPA repository interfaces.
= 2023-12-04 12:51:57 - Tomcat initialized with port(s): 5522 (http)
= 2023-12-04 12:51:57 - Starting service [Tomcat]
= 2023-12-04 12:51:57 - Starting Servlet engine: [Apache Tomcat/9.0.33]
= 2023-12-04 12:51:58 - Initializing Spring embedded WebApplicationContext
= 2023-12-04 12:51:58 - Root WebApplicationContext: initialization completed in 7682 ms
= 2023-12-04 12:51:58 - HHH000204: Processing PersistenceUnitInfo [name: default]
= 2023-12-04 12:51:58 - HHH000412: Hibernate ORM core version 5.4.12.Final
= 2023-12-04 12:51:59 - HCANN000001: Hibernate Commons Annotations {5.1.0.Final}
= 2023-12-04 12:51:59 - HikariPool-1 - Starting...
= 2023-12-04 12:51:59 - HikariPool-1 - Start completed.
= 2023-12-04 12:51:59 - HHH000400: Using dialect: org.hibernate.dialect.PostgreSQLDialect
= 2023-12-04 12:52:01 - HHH000490: Using JtaPlatform implementation: [org.hibernate.engine.transaction.jta.platform.internal.NoJtaPlatform]
= 2023-12-04 12:52:01 - Initialized JPA EntityManagerFactory for persistence unit 'default'
= 2023-12-04 12:52:01 - LiveReload server is running on port 35729
= 2023-12-04 12:52:02 - spring.jpa.open-in-view is enabled by default. Therefore, database queries may be performed during view rendering. Explicitly configure spring.jpa.open-in-view to disable this warning
= 2023-12-04 12:52:02 - Initializing ExecutorService 'applicationTaskExecutor'
= 2023-12-04 12:52:04 - Tomcat started on port(s): 5522 (http) with context path ''
= 2023-12-04 12:52:04 - Started FmsSpringBootBackendApplication in 15.149 seconds (JVM running for 16.773)
= 2023-12-04 13:09:59 - Shutting down ExecutorService 'applicationTaskExecutor'
= 2023-12-04 13:09:59 - Closing JPA EntityManagerFactory for persistence unit 'default'
= 2023-12-04 13:09:59 - HikariPool-1 - Shutdown initiated...
= 2023-12-04 13:09:59 - HikariPool-1 - Shutdown completed.
= 2023-12-04 13:12:42 - Starting FmsSpringBootBackendApplication on LIN-PF1TKLM7 with PID 2412 (C:\Users\NLAXMIKA\Downloads\Flight-Management-System-master 1\Flight-Management-System-master\Flight-Management-System-master\FMS-SpringBoot-Backend\target\classes started by nlaxmika in C:\Users\NLAXMIKA\Downloads\Flight-Management-System-master 1\Flight-Management-System-master\Flight-Management-System-master\FMS-SpringBoot-Backend)
= 2023-12-04 13:12:42 - No active profile set, falling back to default profiles: default
= 2023-12-04 13:12:42 - The Class-Path manifest attribute in C:\Users\NLAXMIKA\.m2\repository\org\glassfish\jaxb\jaxb-runtime\2.3.2\jaxb-runtime-2.3.2.jar referenced one or more files that do not exist: file:/C:/Users/NLAXMIKA/.m2/repository/org/glassfish/jaxb/jaxb-runtime/2.3.2/jakarta.xml.bind-api-2.3.2.jar,file:/C:/Users/NLAXMIKA/.m2/repository/org/glassfish/jaxb/jaxb-runtime/2.3.2/txw2-2.3.2.jar,file:/C:/Users/NLAXMIKA/.m2/repository/org/glassfish/jaxb/jaxb-runtime/2.3.2/istack-commons-runtime-3.0.8.jar,file:/C:/Users/NLAXMIKA/.m2/repository/org/glassfish/jaxb/jaxb-runtime/2.3.2/stax-ex-1.8.1.jar,file:/C:/Users/NLAXMIKA/.m2/repository/org/glassfish/jaxb/jaxb-runtime/2.3.2/FastInfoset-1.2.16.jar,file:/C:/Users/NLAXMIKA/.m2/repository/org/glassfish/jaxb/jaxb-runtime/2.3.2/jakarta.activation-api-1.2.1.jar
= 2023-12-04 13:12:42 - Devtools property defaults active! Set 'spring.devtools.add-properties' to 'false' to disable
= 2023-12-04 13:12:42 - For additional web related logging consider setting the 'logging.level.web' property to 'DEBUG'
= 2023-12-04 13:12:49 - Bootstrapping Spring Data JPA repositories in DEFAULT mode.
= 2023-12-04 13:12:49 - Finished Spring Data repository scanning in 225ms. Found 6 JPA repository interfaces.
= 2023-12-04 13:12:50 - Tomcat initialized with port(s): 5522 (http)
= 2023-12-04 13:12:50 - Starting service [Tomcat]
= 2023-12-04 13:12:50 - Starting Servlet engine: [Apache Tomcat/9.0.33]
= 2023-12-04 13:12:50 - Initializing Spring embedded WebApplicationContext
= 2023-12-04 13:12:50 - Root WebApplicationContext: initialization completed in 8629 ms
= 2023-12-04 13:12:51 - HHH000204: Processing PersistenceUnitInfo [name: default]
= 2023-12-04 13:12:51 - HHH000412: Hibernate ORM core version 5.4.12.Final
= 2023-12-04 13:12:51 - HCANN000001: Hibernate Commons Annotations {5.1.0.Final}
= 2023-12-04 13:12:52 - HikariPool-1 - Starting...
= 2023-12-04 13:12:52 - HikariPool-1 - Start completed.
= 2023-12-04 13:12:52 - HHH000400: Using dialect: org.hibernate.dialect.PostgreSQLDialect
= 2023-12-04 13:12:54 - HHH000490: Using JtaPlatform implementation: [org.hibernate.engine.transaction.jta.platform.internal.NoJtaPlatform]
= 2023-12-04 13:12:54 - Initialized JPA EntityManagerFactory for persistence unit 'default'
= 2023-12-04 13:12:54 - LiveReload server is running on port 35729
= 2023-12-04 13:12:55 - spring.jpa.open-in-view is enabled by default. Therefore, database queries may be performed during view rendering. Explicitly configure spring.jpa.open-in-view to disable this warning
= 2023-12-04 13:12:55 - Initializing ExecutorService 'applicationTaskExecutor'
= 2023-12-04 13:12:56 - Tomcat started on port(s): 5522 (http) with context path ''
= 2023-12-04 13:12:56 - Started FmsSpringBootBackendApplication in 15.692 seconds (JVM running for 17.054)
= 2023-12-04 13:45:55 - Initializing Spring DispatcherServlet 'dispatcherServlet'
= 2023-12-04 13:45:55 - Initializing Servlet 'dispatcherServlet'
= 2023-12-04 13:45:55 - Completed initialization in 271 ms
= 2023-12-04 13:45:59 - Init duration for springdoc-openapi is: 1955 ms
= 2023-12-04 14:06:08 - HikariPool-1 - Thread starvation or clock leap detected (housekeeper delta=5m44s998ms675µs800ns).
= 2023-12-04 14:34:00 - HikariPool-1 - Thread starvation or clock leap detected (housekeeper delta=1m21s972ms97µs900ns).
= 2023-12-04 15:04:50 - HikariPool-1 - Thread starvation or clock leap detected (housekeeper delta=15m49s193ms385µs600ns).
= 2023-12-04 15:21:45 - HikariPool-1 - Thread starvation or clock leap detected (housekeeper delta=15m55s494ms18µs400ns).
= 2023-12-04 15:26:38 - Shutting down ExecutorService 'applicationTaskExecutor'
= 2023-12-04 15:26:38 - Closing JPA EntityManagerFactory for persistence unit 'default'
= 2023-12-04 15:26:38 - HikariPool-1 - Shutdown initiated...
= 2023-12-04 15:26:38 - HikariPool-1 - Shutdown completed.
= 2023-12-04 15:26:49 - Starting FmsSpringBootBackendApplication on LIN-PF1TKLM7 with PID 3352 (C:\Users\NLAXMIKA\Downloads\Flight-Management-System-master 1\Flight-Management-System-master\Flight-Management-System-master\FMS-SpringBoot-Backend\target\classes started by nlaxmika in C:\Users\NLAXMIKA\Downloads\Flight-Management-System-master 1\Flight-Management-System-master\Flight-Management-System-master\FMS-SpringBoot-Backend)
= 2023-12-04 15:26:49 - No active profile set, falling back to default profiles: default
= 2023-12-04 15:26:49 - The Class-Path manifest attribute in C:\Users\NLAXMIKA\.m2\repository\org\glassfish\jaxb\jaxb-runtime\2.3.2\jaxb-runtime-2.3.2.jar referenced one or more files that do not exist: file:/C:/Users/NLAXMIKA/.m2/repository/org/glassfish/jaxb/jaxb-runtime/2.3.2/jakarta.xml.bind-api-2.3.2.jar,file:/C:/Users/NLAXMIKA/.m2/repository/org/glassfish/jaxb/jaxb-runtime/2.3.2/txw2-2.3.2.jar,file:/C:/Users/NLAXMIKA/.m2/repository/org/glassfish/jaxb/jaxb-runtime/2.3.2/istack-commons-runtime-3.0.8.jar,file:/C:/Users/NLAXMIKA/.m2/repository/org/glassfish/jaxb/jaxb-runtime/2.3.2/stax-ex-1.8.1.jar,file:/C:/Users/NLAXMIKA/.m2/repository/org/glassfish/jaxb/jaxb-runtime/2.3.2/FastInfoset-1.2.16.jar,file:/C:/Users/NLAXMIKA/.m2/repository/org/glassfish/jaxb/jaxb-runtime/2.3.2/jakarta.activation-api-1.2.1.jar
= 2023-12-04 15:26:49 - Devtools property defaults active! Set 'spring.devtools.add-properties' to 'false' to disable
= 2023-12-04 15:26:49 - For additional web related logging consider setting the 'logging.level.web' property to 'DEBUG'
= 2023-12-04 15:26:57 - Bootstrapping Spring Data JPA repositories in DEFAULT mode.
= 2023-12-04 15:26:57 - Finished Spring Data repository scanning in 368ms. Found 6 JPA repository interfaces.
= 2023-12-04 15:27:00 - Tomcat initialized with port(s): 5522 (http)
= 2023-12-04 15:27:00 - Starting service [Tomcat]
= 2023-12-04 15:27:00 - Starting Servlet engine: [Apache Tomcat/9.0.33]
= 2023-12-04 15:27:01 - Initializing Spring embedded WebApplicationContext
= 2023-12-04 15:27:01 - Root WebApplicationContext: initialization completed in 11523 ms
= 2023-12-04 15:27:01 - HHH000204: Processing PersistenceUnitInfo [name: default]
= 2023-12-04 15:27:01 - HHH000412: Hibernate ORM core version 5.4.12.Final
= 2023-12-04 15:27:02 - HCANN000001: Hibernate Commons Annotations {5.1.0.Final}
= 2023-12-04 15:27:02 - HikariPool-1 - Starting...
= 2023-12-04 15:27:03 - HikariPool-1 - Start completed.
= 2023-12-04 15:27:03 - HHH000400: Using dialect: org.hibernate.dialect.PostgreSQLDialect
= 2023-12-04 15:27:05 - HHH000490: Using JtaPlatform implementation: [org.hibernate.engine.transaction.jta.platform.internal.NoJtaPlatform]
= 2023-12-04 15:27:05 - Initialized JPA EntityManagerFactory for persistence unit 'default'
= 2023-12-04 15:27:05 - LiveReload server is running on port 35729
= 2023-12-04 15:27:06 - spring.jpa.open-in-view is enabled by default. Therefore, database queries may be performed during view rendering. Explicitly configure spring.jpa.open-in-view to disable this warning
= 2023-12-04 15:27:06 - Initializing ExecutorService 'applicationTaskExecutor'
= 2023-12-04 15:27:08 - Tomcat started on port(s): 5522 (http) with context path ''
= 2023-12-04 15:27:08 - Started FmsSpringBootBackendApplication in 20.888 seconds (JVM running for 22.536)
= 2023-12-04 19:40:46 - HikariPool-1 - Thread starvation or clock leap detected (housekeeper delta=3h19m46s857ms215µs100ns).
= 2023-12-04 19:56:46 - Shutting down ExecutorService 'applicationTaskExecutor'
= 2023-12-04 19:56:46 - Closing JPA EntityManagerFactory for persistence unit 'default'
= 2023-12-04 19:56:46 - HikariPool-1 - Shutdown initiated...
= 2023-12-04 19:56:46 - HikariPool-1 - Shutdown completed.
= 2023-12-04 19:56:54 - Starting FmsSpringBootBackendApplication on LIN-PF1TKLM7 with PID 6716 (C:\Users\NLAXMIKA\Downloads\Flight-Management-System-master 1\Flight-Management-System-master\Flight-Management-System-master\FMS-SpringBoot-Backend\target\classes started by nlaxmika in C:\Users\NLAXMIKA\Downloads\Flight-Management-System-master 1\Flight-Management-System-master\Flight-Management-System-master\FMS-SpringBoot-Backend)
= 2023-12-04 19:56:54 - No active profile set, falling back to default profiles: default
= 2023-12-04 19:56:54 - The Class-Path manifest attribute in C:\Users\NLAXMIKA\.m2\repository\org\glassfish\jaxb\jaxb-runtime\2.3.2\jaxb-runtime-2.3.2.jar referenced one or more files that do not exist: file:/C:/Users/NLAXMIKA/.m2/repository/org/glassfish/jaxb/jaxb-runtime/2.3.2/jakarta.xml.bind-api-2.3.2.jar,file:/C:/Users/NLAXMIKA/.m2/repository/org/glassfish/jaxb/jaxb-runtime/2.3.2/txw2-2.3.2.jar,file:/C:/Users/NLAXMIKA/.m2/repository/org/glassfish/jaxb/jaxb-runtime/2.3.2/istack-commons-runtime-3.0.8.jar,file:/C:/Users/NLAXMIKA/.m2/repository/org/glassfish/jaxb/jaxb-runtime/2.3.2/stax-ex-1.8.1.jar,file:/C:/Users/NLAXMIKA/.m2/repository/org/glassfish/jaxb/jaxb-runtime/2.3.2/FastInfoset-1.2.16.jar,file:/C:/Users/NLAXMIKA/.m2/repository/org/glassfish/jaxb/jaxb-runtime/2.3.2/jakarta.activation-api-1.2.1.jar
= 2023-12-04 19:56:54 - Devtools property defaults active! Set 'spring.devtools.add-properties' to 'false' to disable
= 2023-12-04 19:56:54 - For additional web related logging consider setting the 'logging.level.web' property to 'DEBUG'
= 2023-12-04 19:57:01 - Bootstrapping Spring Data JPA repositories in DEFAULT mode.
= 2023-12-04 19:57:01 - Finished Spring Data repository scanning in 152ms. Found 6 JPA repository interfaces.
= 2023-12-04 19:57:03 - Tomcat initialized with port(s): 5522 (http)
= 2023-12-04 19:57:03 - Starting service [Tomcat]
= 2023-12-04 19:57:03 - Starting Servlet engine: [Apache Tomcat/9.0.33]
= 2023-12-04 19:57:03 - Initializing Spring embedded WebApplicationContext
= 2023-12-04 19:57:03 - Root WebApplicationContext: initialization completed in 8774 ms
= 2023-12-04 19:57:03 - HHH000204: Processing PersistenceUnitInfo [name: default]
= 2023-12-04 19:57:03 - HHH000412: Hibernate ORM core version 5.4.12.Final
= 2023-12-04 19:57:04 - HCANN000001: Hibernate Commons Annotations {5.1.0.Final}
= 2023-12-04 19:57:04 - HikariPool-1 - Starting...
= 2023-12-04 19:57:05 - HikariPool-1 - Start completed.
= 2023-12-04 19:57:05 - HHH000400: Using dialect: org.hibernate.dialect.PostgreSQLDialect
= 2023-12-04 19:57:06 - HHH000490: Using JtaPlatform implementation: [org.hibernate.engine.transaction.jta.platform.internal.NoJtaPlatform]
= 2023-12-04 19:57:07 - Initialized JPA EntityManagerFactory for persistence unit 'default'
= 2023-12-04 19:57:07 - LiveReload server is running on port 35729
= 2023-12-04 19:57:07 - spring.jpa.open-in-view is enabled by default. Therefore, database queries may be performed during view rendering. Explicitly configure spring.jpa.open-in-view to disable this warning
= 2023-12-04 19:57:07 - Initializing ExecutorService 'applicationTaskExecutor'
= 2023-12-04 19:57:09 - Tomcat started on port(s): 5522 (http) with context path ''
= 2023-12-04 19:57:09 - Started FmsSpringBootBackendApplication in 16.16 seconds (JVM running for 17.803)
